2023/01/16 03:13:04 [notice] 1#1: using the "epoll" event method
2023/01/16 03:13:04 [notice] 1#1: nginx/1.23.1
2023/01/16 03:13:04 [notice] 1#1: built by gcc 10.2.1 20210110 (Debian 10.2.1-6) 
2023/01/16 03:13:04 [notice] 1#1: OS: Linux 5.4.0-136-generic
2023/01/16 03:13:04 [notice] 1#1: getrlimit(RLIMIT_NOFILE): 1048576:1048576
2023/01/16 03:13:04 [notice] 1#1: start worker processes
2023/01/16 03:13:04 [notice] 1#1: start worker process 30
2023/01/16 03:13:04 [notice] 1#1: start worker process 31
2023/01/16 03:13:04 [notice] 1#1: start worker process 32
2023/01/16 03:13:04 [notice] 1#1: start worker process 33
2023/01/16 03:13:04 [notice] 1#1: start worker process 34
2023/01/16 03:13:04 [notice] 1#1: start worker process 35
2023/01/16 12:15:28 [notice] 1#1: signal 3 (SIGQUIT) received, shutting down
2023/01/16 12:15:28 [notice] 30#30: gracefully shutting down
2023/01/16 12:15:28 [notice] 33#33: gracefully shutting down
2023/01/16 12:15:28 [notice] 30#30: exiting
2023/01/16 12:15:28 [notice] 33#33: exiting
2023/01/16 12:15:28 [notice] 30#30: exit
2023/01/16 12:15:28 [notice] 33#33: exit
2023/01/16 12:15:28 [notice] 32#32: gracefully shutting down
2023/01/16 12:15:28 [notice] 32#32: exiting
2023/01/16 12:15:28 [notice] 32#32: exit
2023/01/16 12:15:28 [notice] 34#34: gracefully shutting down
2023/01/16 12:15:28 [notice] 34#34: exiting
2023/01/16 12:15:28 [notice] 34#34: exit
2023/01/16 12:15:28 [notice] 31#31: gracefully shutting down
2023/01/16 12:15:28 [notice] 31#31: exiting
2023/01/16 12:15:28 [notice] 31#31: exit
2023/01/16 12:15:28 [notice] 35#35: gracefully shutting down
2023/01/16 12:15:28 [notice] 35#35: exiting
2023/01/16 12:15:28 [notice] 35#35: exit
2023/01/16 12:15:28 [notice] 1#1: signal 17 (SIGCHLD) received from 34
2023/01/16 12:15:28 [notice] 1#1: worker process 34 exited with code 0
2023/01/16 12:15:28 [notice] 1#1: signal 29 (SIGIO) received
2023/01/16 12:15:28 [notice] 1#1: signal 17 (SIGCHLD) received from 32
2023/01/16 12:15:28 [notice] 1#1: worker process 32 exited with code 0
2023/01/16 12:15:28 [notice] 1#1: signal 29 (SIGIO) received
2023/01/16 12:15:28 [notice] 1#1: signal 17 (SIGCHLD) received from 30
2023/01/16 12:15:28 [notice] 1#1: worker process 30 exited with code 0
2023/01/16 12:15:28 [notice] 1#1: signal 29 (SIGIO) received
2023/01/16 12:15:28 [notice] 1#1: signal 17 (SIGCHLD) received from 31
2023/01/16 12:15:28 [notice] 1#1: worker process 31 exited with code 0
2023/01/16 12:15:28 [notice] 1#1: signal 29 (SIGIO) received
2023/01/16 12:15:28 [notice] 1#1: signal 17 (SIGCHLD) received from 35
2023/01/16 12:15:28 [notice] 1#1: worker process 35 exited with code 0
2023/01/16 12:15:28 [notice] 1#1: signal 29 (SIGIO) received
2023/01/16 12:15:28 [notice] 1#1: signal 17 (SIGCHLD) received from 33
2023/01/16 12:15:28 [notice] 1#1: worker process 33 exited with code 0
2023/01/16 12:15:28 [notice] 1#1: exit
2023/01/17 04:24:55 [notice] 1#1: using the "epoll" event method
2023/01/17 04:24:55 [notice] 1#1: nginx/1.23.1
2023/01/17 04:24:55 [notice] 1#1: built by gcc 10.2.1 20210110 (Debian 10.2.1-6) 
2023/01/17 04:24:55 [notice] 1#1: OS: Linux 5.4.0-137-generic
2023/01/17 04:24:55 [notice] 1#1: getrlimit(RLIMIT_NOFILE): 1048576:1048576
2023/01/17 04:24:55 [notice] 1#1: start worker processes
2023/01/17 04:24:55 [notice] 1#1: start worker process 31
2023/01/17 04:24:55 [notice] 1#1: start worker process 32
2023/01/17 04:24:55 [notice] 1#1: start worker process 33
2023/01/17 04:24:55 [notice] 1#1: start worker process 34
2023/01/17 04:24:55 [notice] 1#1: start worker process 35
2023/01/17 04:24:55 [notice] 1#1: start worker process 36
2023/01/17 11:58:15 [notice] 1#1: signal 3 (SIGQUIT) received, shutting down
2023/01/17 11:58:15 [notice] 31#31: gracefully shutting down
2023/01/17 11:58:15 [notice] 35#35: gracefully shutting down
2023/01/17 11:58:15 [notice] 33#33: gracefully shutting down
2023/01/17 11:58:15 [notice] 36#36: gracefully shutting down
2023/01/17 11:58:15 [notice] 31#31: exiting
2023/01/17 11:58:15 [notice] 35#35: exiting
2023/01/17 11:58:15 [notice] 33#33: exiting
2023/01/17 11:58:15 [notice] 36#36: exiting
2023/01/17 11:58:15 [notice] 31#31: exit
2023/01/17 11:58:15 [notice] 33#33: exit
2023/01/17 11:58:15 [notice] 35#35: exit
2023/01/17 11:58:15 [notice] 36#36: exit
2023/01/17 11:58:15 [notice] 34#34: gracefully shutting down
2023/01/17 11:58:15 [notice] 34#34: exiting
2023/01/17 11:58:15 [notice] 34#34: exit
2023/01/17 11:58:15 [notice] 32#32: gracefully shutting down
2023/01/17 11:58:15 [notice] 32#32: exiting
2023/01/17 11:58:15 [notice] 32#32: exit
2023/01/17 11:58:15 [notice] 1#1: signal 17 (SIGCHLD) received from 35
2023/01/17 11:58:15 [notice] 1#1: worker process 35 exited with code 0
2023/01/17 11:58:15 [notice] 1#1: signal 29 (SIGIO) received
2023/01/17 11:58:15 [notice] 1#1: signal 17 (SIGCHLD) received from 34
2023/01/17 11:58:15 [notice] 1#1: worker process 34 exited with code 0
2023/01/17 11:58:15 [notice] 1#1: signal 29 (SIGIO) received
2023/01/17 11:58:15 [notice] 1#1: signal 17 (SIGCHLD) received from 32
2023/01/17 11:58:15 [notice] 1#1: worker process 32 exited with code 0
2023/01/17 11:58:15 [notice] 1#1: signal 29 (SIGIO) received
2023/01/17 11:58:15 [notice] 1#1: signal 17 (SIGCHLD) received from 31
2023/01/17 11:58:15 [notice] 1#1: worker process 31 exited with code 0
2023/01/17 11:58:15 [notice] 1#1: signal 29 (SIGIO) received
2023/01/17 11:58:15 [notice] 1#1: signal 17 (SIGCHLD) received from 36
2023/01/17 11:58:15 [notice] 1#1: worker process 36 exited with code 0
2023/01/17 11:58:15 [notice] 1#1: signal 29 (SIGIO) received
2023/01/17 11:58:15 [notice] 1#1: signal 17 (SIGCHLD) received from 33
2023/01/17 11:58:15 [notice] 1#1: worker process 33 exited with code 0
2023/01/17 11:58:15 [notice] 1#1: exit
2023/01/18 03:08:06 [notice] 1#1: using the "epoll" event method
2023/01/18 03:08:06 [notice] 1#1: nginx/1.23.1
2023/01/18 03:08:06 [notice] 1#1: built by gcc 10.2.1 20210110 (Debian 10.2.1-6) 
2023/01/18 03:08:06 [notice] 1#1: OS: Linux 5.4.0-137-generic
2023/01/18 03:08:06 [notice] 1#1: getrlimit(RLIMIT_NOFILE): 1048576:1048576
2023/01/18 03:08:06 [notice] 1#1: start worker processes
2023/01/18 03:08:06 [notice] 1#1: start worker process 30
2023/01/18 03:08:06 [notice] 1#1: start worker process 31
2023/01/18 03:08:06 [notice] 1#1: start worker process 32
2023/01/18 03:08:06 [notice] 1#1: start worker process 33
2023/01/18 03:08:06 [notice] 1#1: start worker process 34
2023/01/18 03:08:06 [notice] 1#1: start worker process 35
2023/01/18 12:04:01 [notice] 1#1: signal 3 (SIGQUIT) received, shutting down
2023/01/18 12:04:01 [notice] 32#32: gracefully shutting down
2023/01/18 12:04:01 [notice] 30#30: gracefully shutting down
2023/01/18 12:04:01 [notice] 34#34: gracefully shutting down
2023/01/18 12:04:01 [notice] 32#32: exiting
2023/01/18 12:04:01 [notice] 30#30: exiting
2023/01/18 12:04:01 [notice] 34#34: exiting
2023/01/18 12:04:01 [notice] 30#30: exit
2023/01/18 12:04:01 [notice] 32#32: exit
2023/01/18 12:04:01 [notice] 34#34: exit
2023/01/18 12:04:01 [notice] 35#35: gracefully shutting down
2023/01/18 12:04:01 [notice] 33#33: gracefully shutting down
2023/01/18 12:04:01 [notice] 35#35: exiting
2023/01/18 12:04:01 [notice] 33#33: exiting
2023/01/18 12:04:01 [notice] 35#35: exit
2023/01/18 12:04:01 [notice] 33#33: exit
2023/01/18 12:04:01 [notice] 31#31: gracefully shutting down
2023/01/18 12:04:01 [notice] 31#31: exiting
2023/01/18 12:04:01 [notice] 31#31: exit
2023/01/18 12:04:01 [notice] 1#1: signal 17 (SIGCHLD) received from 30
2023/01/18 12:04:01 [notice] 1#1: worker process 30 exited with code 0
2023/01/18 12:04:01 [notice] 1#1: worker process 33 exited with code 0
2023/01/18 12:04:01 [notice] 1#1: signal 29 (SIGIO) received
2023/01/18 12:04:01 [notice] 1#1: signal 17 (SIGCHLD) received from 33
2023/01/18 12:04:01 [notice] 1#1: signal 17 (SIGCHLD) received from 34
2023/01/18 12:04:01 [notice] 1#1: worker process 34 exited with code 0
2023/01/18 12:04:01 [notice] 1#1: signal 29 (SIGIO) received
2023/01/18 12:04:01 [notice] 1#1: signal 17 (SIGCHLD) received from 32
2023/01/18 12:04:01 [notice] 1#1: worker process 32 exited with code 0
2023/01/18 12:04:01 [notice] 1#1: signal 29 (SIGIO) received
2023/01/18 12:04:01 [notice] 1#1: signal 17 (SIGCHLD) received from 35
2023/01/18 12:04:01 [notice] 1#1: worker process 35 exited with code 0
2023/01/18 12:04:01 [notice] 1#1: signal 29 (SIGIO) received
2023/01/18 12:04:01 [notice] 1#1: signal 17 (SIGCHLD) received from 31
2023/01/18 12:04:01 [notice] 1#1: worker process 31 exited with code 0
2023/01/18 12:04:01 [notice] 1#1: exit
2023/01/27 04:15:25 [notice] 1#1: using the "epoll" event method
2023/01/27 04:15:25 [notice] 1#1: nginx/1.23.1
2023/01/27 04:15:25 [notice] 1#1: built by gcc 10.2.1 20210110 (Debian 10.2.1-6) 
2023/01/27 04:15:25 [notice] 1#1: OS: Linux 5.4.0-137-generic
2023/01/27 04:15:25 [notice] 1#1: getrlimit(RLIMIT_NOFILE): 1048576:1048576
2023/01/27 04:15:25 [notice] 1#1: start worker processes
2023/01/27 04:15:25 [notice] 1#1: start worker process 29
2023/01/27 04:15:25 [notice] 1#1: start worker process 30
2023/01/27 04:15:25 [notice] 1#1: start worker process 31
2023/01/27 04:15:25 [notice] 1#1: start worker process 32
2023/01/27 04:15:25 [notice] 1#1: start worker process 33
2023/01/27 04:15:25 [notice] 1#1: start worker process 34
2023/01/27 11:48:03 [notice] 1#1: signal 3 (SIGQUIT) received, shutting down
2023/01/27 11:48:03 [notice] 29#29: gracefully shutting down
2023/01/27 11:48:03 [notice] 30#30: gracefully shutting down
2023/01/27 11:48:03 [notice] 33#33: gracefully shutting down
2023/01/27 11:48:03 [notice] 32#32: gracefully shutting down
2023/01/27 11:48:03 [notice] 29#29: exiting
2023/01/27 11:48:03 [notice] 30#30: exiting
2023/01/27 11:48:03 [notice] 33#33: exiting
2023/01/27 11:48:03 [notice] 32#32: exiting
2023/01/27 11:48:03 [notice] 29#29: exit
2023/01/27 11:48:03 [notice] 30#30: exit
2023/01/27 11:48:03 [notice] 33#33: exit
2023/01/27 11:48:03 [notice] 32#32: exit
2023/01/27 11:48:03 [notice] 31#31: gracefully shutting down
2023/01/27 11:48:03 [notice] 31#31: exiting
2023/01/27 11:48:03 [notice] 34#34: gracefully shutting down
2023/01/27 11:48:03 [notice] 34#34: exiting
2023/01/27 11:48:03 [notice] 31#31: exit
2023/01/27 11:48:03 [notice] 34#34: exit
2023/01/27 11:48:03 [notice] 1#1: signal 17 (SIGCHLD) received from 33
2023/01/27 11:48:03 [notice] 1#1: worker process 33 exited with code 0
2023/01/27 11:48:03 [notice] 1#1: signal 29 (SIGIO) received
2023/01/27 11:48:03 [notice] 1#1: signal 17 (SIGCHLD) received from 29
2023/01/27 11:48:03 [notice] 1#1: worker process 29 exited with code 0
2023/01/27 11:48:03 [notice] 1#1: signal 29 (SIGIO) received
2023/01/27 11:48:03 [notice] 1#1: signal 17 (SIGCHLD) received from 31
2023/01/27 11:48:03 [notice] 1#1: worker process 31 exited with code 0
2023/01/27 11:48:03 [notice] 1#1: signal 29 (SIGIO) received
2023/01/27 11:48:03 [notice] 1#1: signal 17 (SIGCHLD) received from 34
2023/01/27 11:48:03 [notice] 1#1: worker process 34 exited with code 0
2023/01/27 11:48:03 [notice] 1#1: signal 29 (SIGIO) received
2023/01/27 11:48:03 [notice] 1#1: signal 17 (SIGCHLD) received from 32
2023/01/27 11:48:03 [notice] 1#1: worker process 32 exited with code 0
2023/01/27 11:48:03 [notice] 1#1: signal 29 (SIGIO) received
2023/01/27 11:48:03 [notice] 1#1: signal 17 (SIGCHLD) received from 30
2023/01/27 11:48:03 [notice] 1#1: worker process 30 exited with code 0
2023/01/27 11:48:03 [notice] 1#1: exit
2023/01/30 05:37:17 [notice] 1#1: using the "epoll" event method
2023/01/30 05:37:17 [notice] 1#1: nginx/1.23.1
2023/01/30 05:37:17 [notice] 1#1: built by gcc 10.2.1 20210110 (Debian 10.2.1-6) 
2023/01/30 05:37:17 [notice] 1#1: OS: Linux 5.4.0-137-generic
2023/01/30 05:37:17 [notice] 1#1: getrlimit(RLIMIT_NOFILE): 1048576:1048576
2023/01/30 05:37:17 [notice] 1#1: start worker processes
2023/01/30 05:37:17 [notice] 1#1: start worker process 29
2023/01/30 05:37:17 [notice] 1#1: start worker process 30
2023/01/30 05:37:17 [notice] 1#1: start worker process 31
2023/01/30 05:37:17 [notice] 1#1: start worker process 32
2023/01/30 05:37:17 [notice] 1#1: start worker process 33
2023/01/30 05:37:17 [notice] 1#1: start worker process 34
2023/01/30 12:04:26 [notice] 1#1: signal 3 (SIGQUIT) received, shutting down
2023/01/30 12:04:26 [notice] 30#30: gracefully shutting down
2023/01/30 12:04:26 [notice] 33#33: gracefully shutting down
2023/01/30 12:04:26 [notice] 30#30: exiting
2023/01/30 12:04:26 [notice] 33#33: exiting
2023/01/30 12:04:26 [notice] 30#30: exit
2023/01/30 12:04:26 [notice] 33#33: exit
2023/01/30 12:04:26 [notice] 29#29: gracefully shutting down
2023/01/30 12:04:26 [notice] 34#34: gracefully shutting down
2023/01/30 12:04:26 [notice] 29#29: exiting
2023/01/30 12:04:26 [notice] 34#34: exiting
2023/01/30 12:04:26 [notice] 29#29: exit
2023/01/30 12:04:26 [notice] 34#34: exit
2023/01/30 12:04:26 [notice] 31#31: gracefully shutting down
2023/01/30 12:04:26 [notice] 31#31: exiting
2023/01/30 12:04:26 [notice] 31#31: exit
2023/01/30 12:04:26 [notice] 32#32: gracefully shutting down
2023/01/30 12:04:26 [notice] 32#32: exiting
2023/01/30 12:04:26 [notice] 32#32: exit
2023/01/30 12:04:26 [notice] 1#1: signal 17 (SIGCHLD) received from 30
2023/01/30 12:04:26 [notice] 1#1: worker process 30 exited with code 0
2023/01/30 12:04:26 [notice] 1#1: signal 29 (SIGIO) received
2023/01/30 12:04:26 [notice] 1#1: signal 17 (SIGCHLD) received from 29
2023/01/30 12:04:26 [notice] 1#1: worker process 29 exited with code 0
2023/01/30 12:04:26 [notice] 1#1: signal 29 (SIGIO) received
2023/01/30 12:04:26 [notice] 1#1: signal 17 (SIGCHLD) received from 31
2023/01/30 12:04:26 [notice] 1#1: worker process 31 exited with code 0
2023/01/30 12:04:26 [notice] 1#1: signal 29 (SIGIO) received
2023/01/30 12:04:26 [notice] 1#1: signal 17 (SIGCHLD) received from 32
2023/01/30 12:04:26 [notice] 1#1: worker process 32 exited with code 0
2023/01/30 12:04:26 [notice] 1#1: signal 29 (SIGIO) received
2023/01/30 12:04:26 [notice] 1#1: signal 17 (SIGCHLD) received from 34
2023/01/30 12:04:26 [notice] 1#1: worker process 33 exited with code 0
2023/01/30 12:04:26 [notice] 1#1: worker process 34 exited with code 0
2023/01/30 12:04:26 [notice] 1#1: exit
2023/01/31 03:18:28 [notice] 1#1: using the "epoll" event method
2023/01/31 03:18:28 [notice] 1#1: nginx/1.23.1
2023/01/31 03:18:28 [notice] 1#1: built by gcc 10.2.1 20210110 (Debian 10.2.1-6) 
2023/01/31 03:18:28 [notice] 1#1: OS: Linux 5.4.0-137-generic
2023/01/31 03:18:28 [notice] 1#1: getrlimit(RLIMIT_NOFILE): 1048576:1048576
2023/01/31 03:18:28 [notice] 1#1: start worker processes
2023/01/31 03:18:28 [notice] 1#1: start worker process 30
2023/01/31 03:18:28 [notice] 1#1: start worker process 31
2023/01/31 03:18:28 [notice] 1#1: start worker process 32
2023/01/31 03:18:28 [notice] 1#1: start worker process 33
2023/01/31 03:18:28 [notice] 1#1: start worker process 34
2023/01/31 03:18:28 [notice] 1#1: start worker process 35
2023/01/31 11:15:15 [notice] 1#1: signal 3 (SIGQUIT) received, shutting down
2023/01/31 11:15:15 [notice] 32#32: gracefully shutting down
2023/01/31 11:15:15 [notice] 31#31: gracefully shutting down
2023/01/31 11:15:15 [notice] 35#35: gracefully shutting down
2023/01/31 11:15:15 [notice] 32#32: exiting
2023/01/31 11:15:15 [notice] 31#31: exiting
2023/01/31 11:15:15 [notice] 35#35: exiting
2023/01/31 11:15:15 [notice] 32#32: exit
2023/01/31 11:15:15 [notice] 31#31: exit
2023/01/31 11:15:15 [notice] 35#35: exit
2023/01/31 11:15:15 [notice] 34#34: gracefully shutting down
2023/01/31 11:15:15 [notice] 34#34: exiting
2023/01/31 11:15:15 [notice] 34#34: exit
2023/01/31 11:15:15 [notice] 33#33: gracefully shutting down
2023/01/31 11:15:15 [notice] 33#33: exiting
2023/01/31 11:15:15 [notice] 33#33: exit
2023/01/31 11:15:15 [notice] 30#30: gracefully shutting down
2023/01/31 11:15:15 [notice] 30#30: exiting
2023/01/31 11:15:15 [notice] 30#30: exit
2023/01/31 11:15:15 [notice] 1#1: signal 17 (SIGCHLD) received from 31
2023/01/31 11:15:15 [notice] 1#1: worker process 31 exited with code 0
2023/01/31 11:15:15 [notice] 1#1: signal 29 (SIGIO) received
2023/01/31 11:15:15 [notice] 1#1: signal 17 (SIGCHLD) received from 33
2023/01/31 11:15:15 [notice] 1#1: worker process 33 exited with code 0
2023/01/31 11:15:15 [notice] 1#1: signal 29 (SIGIO) received
2023/01/31 11:15:15 [notice] 1#1: signal 17 (SIGCHLD) received from 35
2023/01/31 11:15:15 [notice] 1#1: worker process 32 exited with code 0
2023/01/31 11:15:15 [notice] 1#1: worker process 34 exited with code 0
2023/01/31 11:15:15 [notice] 1#1: worker process 35 exited with code 0
2023/01/31 11:15:15 [notice] 1#1: signal 29 (SIGIO) received
2023/01/31 11:15:15 [notice] 1#1: signal 17 (SIGCHLD) received from 34
2023/01/31 11:15:15 [notice] 1#1: signal 17 (SIGCHLD) received from 30
2023/01/31 11:15:15 [notice] 1#1: worker process 30 exited with code 0
2023/01/31 11:15:15 [notice] 1#1: exit
2023/02/07 04:05:01 [notice] 1#1: using the "epoll" event method
2023/02/07 04:05:01 [notice] 1#1: nginx/1.23.1
2023/02/07 04:05:01 [notice] 1#1: built by gcc 10.2.1 20210110 (Debian 10.2.1-6) 
2023/02/07 04:05:01 [notice] 1#1: OS: Linux 5.4.0-137-generic
2023/02/07 04:05:01 [notice] 1#1: getrlimit(RLIMIT_NOFILE): 1048576:1048576
2023/02/07 04:05:01 [notice] 1#1: start worker processes
2023/02/07 04:05:01 [notice] 1#1: start worker process 29
2023/02/07 04:05:01 [notice] 1#1: start worker process 30
2023/02/07 04:05:01 [notice] 1#1: start worker process 31
2023/02/07 04:05:01 [notice] 1#1: start worker process 32
2023/02/07 04:05:01 [notice] 1#1: start worker process 33
2023/02/07 04:05:01 [notice] 1#1: start worker process 34
2023/02/07 12:06:29 [notice] 1#1: signal 3 (SIGQUIT) received, shutting down
2023/02/07 12:06:29 [notice] 31#31: gracefully shutting down
2023/02/07 12:06:29 [notice] 32#32: gracefully shutting down
2023/02/07 12:06:29 [notice] 31#31: exiting
2023/02/07 12:06:29 [notice] 32#32: exiting
2023/02/07 12:06:29 [notice] 31#31: exit
2023/02/07 12:06:29 [notice] 32#32: exit
2023/02/07 12:06:29 [notice] 34#34: gracefully shutting down
2023/02/07 12:06:29 [notice] 34#34: exiting
2023/02/07 12:06:29 [notice] 34#34: exit
2023/02/07 12:06:29 [notice] 29#29: gracefully shutting down
2023/02/07 12:06:29 [notice] 29#29: exiting
2023/02/07 12:06:29 [notice] 29#29: exit
2023/02/07 12:06:29 [notice] 30#30: gracefully shutting down
2023/02/07 12:06:29 [notice] 30#30: exiting
2023/02/07 12:06:29 [notice] 30#30: exit
2023/02/07 12:06:29 [notice] 33#33: gracefully shutting down
2023/02/07 12:06:29 [notice] 33#33: exiting
2023/02/07 12:06:29 [notice] 33#33: exit
2023/02/07 12:06:29 [notice] 1#1: signal 17 (SIGCHLD) received from 32
2023/02/07 12:06:29 [notice] 1#1: worker process 32 exited with code 0
2023/02/07 12:06:29 [notice] 1#1: signal 29 (SIGIO) received
2023/02/07 12:06:29 [notice] 1#1: signal 17 (SIGCHLD) received from 30
2023/02/07 12:06:29 [notice] 1#1: worker process 30 exited with code 0
2023/02/07 12:06:29 [notice] 1#1: worker process 33 exited with code 0
2023/02/07 12:06:29 [notice] 1#1: signal 29 (SIGIO) received
2023/02/07 12:06:29 [notice] 1#1: signal 17 (SIGCHLD) received from 33
2023/02/07 12:06:29 [notice] 1#1: signal 17 (SIGCHLD) received from 31
2023/02/07 12:06:29 [notice] 1#1: worker process 31 exited with code 0
2023/02/07 12:06:29 [notice] 1#1: signal 29 (SIGIO) received
2023/02/07 12:06:29 [notice] 1#1: signal 17 (SIGCHLD) received from 34
2023/02/07 12:06:29 [notice] 1#1: worker process 34 exited with code 0
2023/02/07 12:06:29 [notice] 1#1: signal 29 (SIGIO) received
2023/02/07 12:06:29 [notice] 1#1: signal 17 (SIGCHLD) received from 29
2023/02/07 12:06:29 [notice] 1#1: worker process 29 exited with code 0
2023/02/07 12:06:29 [notice] 1#1: exit
2023/02/08 04:24:05 [notice] 1#1: using the "epoll" event method
2023/02/08 04:24:05 [notice] 1#1: nginx/1.23.1
2023/02/08 04:24:05 [notice] 1#1: built by gcc 10.2.1 20210110 (Debian 10.2.1-6) 
2023/02/08 04:24:05 [notice] 1#1: OS: Linux 5.4.0-137-generic
2023/02/08 04:24:05 [notice] 1#1: getrlimit(RLIMIT_NOFILE): 1048576:1048576
2023/02/08 04:24:05 [notice] 1#1: start worker processes
2023/02/08 04:24:05 [notice] 1#1: start worker process 29
2023/02/08 04:24:05 [notice] 1#1: start worker process 30
2023/02/08 04:24:05 [notice] 1#1: start worker process 31
2023/02/08 04:24:05 [notice] 1#1: start worker process 32
2023/02/08 04:24:05 [notice] 1#1: start worker process 33
2023/02/08 04:24:05 [notice] 1#1: start worker process 34
2023/02/08 04:30:09 [notice] 1#1: signal 3 (SIGQUIT) received, shutting down
2023/02/08 04:30:09 [notice] 31#31: gracefully shutting down
2023/02/08 04:30:09 [notice] 31#31: exiting
2023/02/08 04:30:09 [notice] 34#34: gracefully shutting down
2023/02/08 04:30:09 [notice] 34#34: exiting
2023/02/08 04:30:09 [notice] 31#31: exit
2023/02/08 04:30:09 [notice] 34#34: exit
2023/02/08 04:30:09 [notice] 32#32: gracefully shutting down
2023/02/08 04:30:09 [notice] 32#32: exiting
2023/02/08 04:30:09 [notice] 32#32: exit
2023/02/08 04:30:09 [notice] 29#29: gracefully shutting down
2023/02/08 04:30:09 [notice] 29#29: exiting
2023/02/08 04:30:09 [notice] 29#29: exit
2023/02/08 04:30:09 [notice] 30#30: gracefully shutting down
2023/02/08 04:30:09 [notice] 30#30: exiting
2023/02/08 04:30:09 [notice] 30#30: exit
2023/02/08 04:30:09 [notice] 33#33: gracefully shutting down
2023/02/08 04:30:09 [notice] 33#33: exiting
2023/02/08 04:30:09 [notice] 33#33: exit
2023/02/08 04:30:09 [notice] 1#1: signal 17 (SIGCHLD) received from 31
2023/02/08 04:30:09 [notice] 1#1: worker process 31 exited with code 0
2023/02/08 04:30:09 [notice] 1#1: signal 29 (SIGIO) received
2023/02/08 04:30:09 [notice] 1#1: signal 17 (SIGCHLD) received from 33
2023/02/08 04:30:09 [notice] 1#1: worker process 33 exited with code 0
2023/02/08 04:30:09 [notice] 1#1: signal 29 (SIGIO) received
2023/02/08 04:30:09 [notice] 1#1: signal 17 (SIGCHLD) received from 30
2023/02/08 04:30:09 [notice] 1#1: worker process 29 exited with code 0
2023/02/08 04:30:09 [notice] 1#1: worker process 30 exited with code 0
2023/02/08 04:30:09 [notice] 1#1: worker process 32 exited with code 0
2023/02/08 04:30:09 [notice] 1#1: signal 29 (SIGIO) received
2023/02/08 04:30:09 [notice] 1#1: signal 17 (SIGCHLD) received from 32
2023/02/08 04:30:09 [notice] 1#1: signal 17 (SIGCHLD) received from 34
2023/02/08 04:30:09 [notice] 1#1: worker process 34 exited with code 0
2023/02/08 04:30:09 [notice] 1#1: exit
2023/02/08 04:30:10 [notice] 1#1: using the "epoll" event method
2023/02/08 04:30:10 [notice] 1#1: nginx/1.23.1
2023/02/08 04:30:10 [notice] 1#1: built by gcc 10.2.1 20210110 (Debian 10.2.1-6) 
2023/02/08 04:30:10 [notice] 1#1: OS: Linux 5.4.0-137-generic
2023/02/08 04:30:10 [notice] 1#1: getrlimit(RLIMIT_NOFILE): 1048576:1048576
2023/02/08 04:30:10 [notice] 1#1: start worker processes
2023/02/08 04:30:10 [notice] 1#1: start worker process 30
2023/02/08 04:30:10 [notice] 1#1: start worker process 31
2023/02/08 04:30:10 [notice] 1#1: start worker process 32
2023/02/08 04:30:10 [notice] 1#1: start worker process 33
2023/02/08 04:30:10 [notice] 1#1: start worker process 34
2023/02/08 04:30:10 [notice] 1#1: start worker process 35
2023/02/08 11:50:08 [notice] 1#1: signal 3 (SIGQUIT) received, shutting down
2023/02/08 11:50:08 [notice] 31#31: gracefully shutting down
2023/02/08 11:50:08 [notice] 32#32: gracefully shutting down
2023/02/08 11:50:08 [notice] 35#35: gracefully shutting down
2023/02/08 11:50:08 [notice] 31#31: exiting
2023/02/08 11:50:08 [notice] 32#32: exiting
2023/02/08 11:50:08 [notice] 35#35: exiting
2023/02/08 11:50:08 [notice] 32#32: exit
2023/02/08 11:50:08 [notice] 31#31: exit
2023/02/08 11:50:08 [notice] 35#35: exit
2023/02/08 11:50:08 [notice] 30#30: gracefully shutting down
2023/02/08 11:50:08 [notice] 34#34: gracefully shutting down
2023/02/08 11:50:08 [notice] 33#33: gracefully shutting down
2023/02/08 11:50:08 [notice] 30#30: exiting
2023/02/08 11:50:08 [notice] 34#34: exiting
2023/02/08 11:50:08 [notice] 33#33: exiting
2023/02/08 11:50:08 [notice] 30#30: exit
2023/02/08 11:50:08 [notice] 34#34: exit
2023/02/08 11:50:08 [notice] 33#33: exit
2023/02/08 11:50:08 [notice] 1#1: signal 17 (SIGCHLD) received from 35
2023/02/08 11:50:08 [notice] 1#1: worker process 35 exited with code 0
2023/02/08 11:50:08 [notice] 1#1: signal 29 (SIGIO) received
2023/02/08 11:50:08 [notice] 1#1: signal 17 (SIGCHLD) received from 33
2023/02/08 11:50:08 [notice] 1#1: worker process 33 exited with code 0
2023/02/08 11:50:08 [notice] 1#1: signal 29 (SIGIO) received
2023/02/08 11:50:08 [notice] 1#1: signal 17 (SIGCHLD) received from 34
2023/02/08 11:50:08 [notice] 1#1: worker process 32 exited with code 0
2023/02/08 11:50:08 [notice] 1#1: worker process 34 exited with code 0
2023/02/08 11:50:08 [notice] 1#1: signal 29 (SIGIO) received
2023/02/08 11:50:08 [notice] 1#1: signal 17 (SIGCHLD) received from 32
2023/02/08 11:50:08 [notice] 1#1: signal 17 (SIGCHLD) received from 30
2023/02/08 11:50:08 [notice] 1#1: worker process 30 exited with code 0
2023/02/08 11:50:08 [notice] 1#1: worker process 31 exited with code 0
2023/02/08 11:50:08 [notice] 1#1: exit
2023/02/17 11:12:03 [notice] 1#1: using the "epoll" event method
2023/02/17 11:12:03 [notice] 1#1: nginx/1.23.1
2023/02/17 11:12:03 [notice] 1#1: built by gcc 10.2.1 20210110 (Debian 10.2.1-6) 
2023/02/17 11:12:03 [notice] 1#1: OS: Linux 5.4.0-139-generic
2023/02/17 11:12:03 [notice] 1#1: getrlimit(RLIMIT_NOFILE): 1048576:1048576
2023/02/17 11:12:03 [notice] 1#1: start worker processes
2023/02/17 11:12:03 [notice] 1#1: start worker process 29
2023/02/17 11:12:03 [notice] 1#1: start worker process 30
2023/02/17 11:12:03 [notice] 1#1: start worker process 31
2023/02/17 11:12:03 [notice] 1#1: start worker process 32
2023/02/17 11:12:03 [notice] 1#1: start worker process 33
2023/02/17 11:12:03 [notice] 1#1: start worker process 34
2023/02/17 11:58:10 [notice] 1#1: signal 3 (SIGQUIT) received, shutting down
2023/02/17 11:58:10 [notice] 29#29: gracefully shutting down
2023/02/17 11:58:10 [notice] 32#32: gracefully shutting down
2023/02/17 11:58:10 [notice] 30#30: gracefully shutting down
2023/02/17 11:58:10 [notice] 33#33: gracefully shutting down
2023/02/17 11:58:10 [notice] 29#29: exiting
2023/02/17 11:58:10 [notice] 32#32: exiting
2023/02/17 11:58:10 [notice] 30#30: exiting
2023/02/17 11:58:10 [notice] 33#33: exiting
2023/02/17 11:58:10 [notice] 29#29: exit
2023/02/17 11:58:10 [notice] 32#32: exit
2023/02/17 11:58:10 [notice] 33#33: exit
2023/02/17 11:58:10 [notice] 31#31: gracefully shutting down
2023/02/17 11:58:10 [notice] 31#31: exiting
2023/02/17 11:58:10 [notice] 30#30: exit
2023/02/17 11:58:10 [notice] 31#31: exit
2023/02/17 11:58:10 [notice] 34#34: gracefully shutting down
2023/02/17 11:58:10 [notice] 34#34: exiting
2023/02/17 11:58:10 [notice] 34#34: exit
2023/02/17 11:58:10 [notice] 1#1: signal 17 (SIGCHLD) received from 32
2023/02/17 11:58:10 [notice] 1#1: worker process 32 exited with code 0
2023/02/17 11:58:10 [notice] 1#1: signal 29 (SIGIO) received
2023/02/17 11:58:10 [notice] 1#1: signal 17 (SIGCHLD) received from 31
2023/02/17 11:58:10 [notice] 1#1: worker process 31 exited with code 0
2023/02/17 11:58:10 [notice] 1#1: signal 29 (SIGIO) received
2023/02/17 11:58:10 [notice] 1#1: signal 17 (SIGCHLD) received from 30
2023/02/17 11:58:10 [notice] 1#1: worker process 30 exited with code 0
2023/02/17 11:58:10 [notice] 1#1: signal 29 (SIGIO) received
2023/02/17 11:58:10 [notice] 1#1: signal 17 (SIGCHLD) received from 33
2023/02/17 11:58:10 [notice] 1#1: worker process 33 exited with code 0
2023/02/17 11:58:10 [notice] 1#1: signal 29 (SIGIO) received
2023/02/17 11:58:10 [notice] 1#1: signal 17 (SIGCHLD) received from 34
2023/02/17 11:58:10 [notice] 1#1: worker process 34 exited with code 0
2023/02/17 11:58:10 [notice] 1#1: signal 29 (SIGIO) received
2023/02/17 11:58:10 [notice] 1#1: signal 17 (SIGCHLD) received from 29
2023/02/17 11:58:10 [notice] 1#1: worker process 29 exited with code 0
2023/02/17 11:58:10 [notice] 1#1: exit
2023/06/08 08:57:49 [notice] 1#1: using the "epoll" event method
2023/06/08 08:57:49 [notice] 1#1: nginx/1.23.1
2023/06/08 08:57:49 [notice] 1#1: built by gcc 10.2.1 20210110 (Debian 10.2.1-6) 
2023/06/08 08:57:49 [notice] 1#1: OS: Linux 5.4.0-150-generic
2023/06/08 08:57:49 [notice] 1#1: getrlimit(RLIMIT_NOFILE): 1048576:1048576
2023/06/08 08:57:49 [notice] 1#1: start worker processes
2023/06/08 08:57:49 [notice] 1#1: start worker process 30
2023/06/08 08:57:49 [notice] 1#1: start worker process 31
2023/06/08 08:57:49 [notice] 1#1: start worker process 32
2023/06/08 08:57:49 [notice] 1#1: start worker process 33
2023/06/08 08:57:49 [notice] 1#1: start worker process 34
2023/06/08 08:57:49 [notice] 1#1: start worker process 35
2023/06/08 08:58:24 [notice] 1#1: signal 3 (SIGQUIT) received, shutting down
2023/06/08 08:58:24 [notice] 30#30: gracefully shutting down
2023/06/08 08:58:24 [notice] 31#31: gracefully shutting down
2023/06/08 08:58:24 [notice] 33#33: gracefully shutting down
2023/06/08 08:58:24 [notice] 30#30: exiting
2023/06/08 08:58:24 [notice] 31#31: exiting
2023/06/08 08:58:24 [notice] 33#33: exiting
2023/06/08 08:58:24 [notice] 30#30: exit
2023/06/08 08:58:24 [notice] 33#33: exit
2023/06/08 08:58:24 [notice] 31#31: exit
2023/06/08 08:58:24 [notice] 32#32: gracefully shutting down
2023/06/08 08:58:24 [notice] 32#32: exiting
2023/06/08 08:58:24 [notice] 32#32: exit
2023/06/08 08:58:24 [notice] 34#34: gracefully shutting down
2023/06/08 08:58:24 [notice] 34#34: exiting
2023/06/08 08:58:24 [notice] 34#34: exit
2023/06/08 08:58:24 [notice] 35#35: gracefully shutting down
2023/06/08 08:58:24 [notice] 35#35: exiting
2023/06/08 08:58:24 [notice] 35#35: exit
2023/06/08 08:58:24 [notice] 1#1: signal 17 (SIGCHLD) received from 32
2023/06/08 08:58:24 [notice] 1#1: worker process 32 exited with code 0
2023/06/08 08:58:24 [notice] 1#1: worker process 33 exited with code 0
2023/06/08 08:58:24 [notice] 1#1: signal 29 (SIGIO) received
2023/06/08 08:58:24 [notice] 1#1: signal 17 (SIGCHLD) received from 33
2023/06/08 08:58:24 [notice] 1#1: worker process 30 exited with code 0
2023/06/08 08:58:24 [notice] 1#1: signal 29 (SIGIO) received
2023/06/08 08:58:24 [notice] 1#1: signal 17 (SIGCHLD) received from 31
2023/06/08 08:58:24 [notice] 1#1: worker process 31 exited with code 0
2023/06/08 08:58:24 [notice] 1#1: signal 29 (SIGIO) received
2023/06/08 08:58:24 [notice] 1#1: signal 17 (SIGCHLD) received from 35
2023/06/08 08:58:24 [notice] 1#1: worker process 35 exited with code 0
2023/06/08 08:58:24 [notice] 1#1: signal 17 (SIGCHLD) received from 34
2023/06/08 08:58:24 [notice] 1#1: worker process 34 exited with code 0
2023/06/08 08:58:24 [notice] 1#1: exit
2023/06/08 09:11:49 [notice] 1#1: using the "epoll" event method
2023/06/08 09:11:49 [notice] 1#1: nginx/1.23.1
2023/06/08 09:11:49 [notice] 1#1: built by gcc 10.2.1 20210110 (Debian 10.2.1-6) 
2023/06/08 09:11:49 [notice] 1#1: OS: Linux 5.4.0-150-generic
2023/06/08 09:11:49 [notice] 1#1: getrlimit(RLIMIT_NOFILE): 1048576:1048576
2023/06/08 09:11:49 [notice] 1#1: start worker processes
2023/06/08 09:11:49 [notice] 1#1: start worker process 30
2023/06/08 09:11:49 [notice] 1#1: start worker process 31
2023/06/08 09:11:49 [notice] 1#1: start worker process 32
2023/06/08 09:11:49 [notice] 1#1: start worker process 33
2023/06/08 09:11:49 [notice] 1#1: start worker process 34
2023/06/08 09:11:49 [notice] 1#1: start worker process 35
2023/06/08 09:11:56 [notice] 1#1: signal 3 (SIGQUIT) received, shutting down
2023/06/08 09:11:56 [notice] 31#31: gracefully shutting down
2023/06/08 09:11:56 [notice] 33#33: gracefully shutting down
2023/06/08 09:11:56 [notice] 32#32: gracefully shutting down
2023/06/08 09:11:56 [notice] 31#31: exiting
2023/06/08 09:11:56 [notice] 33#33: exiting
2023/06/08 09:11:56 [notice] 32#32: exiting
2023/06/08 09:11:56 [notice] 31#31: exit
2023/06/08 09:11:56 [notice] 33#33: exit
2023/06/08 09:11:56 [notice] 32#32: exit
2023/06/08 09:11:56 [notice] 30#30: gracefully shutting down
2023/06/08 09:11:56 [notice] 34#34: gracefully shutting down
2023/06/08 09:11:56 [notice] 30#30: exiting
2023/06/08 09:11:56 [notice] 34#34: exiting
2023/06/08 09:11:56 [notice] 30#30: exit
2023/06/08 09:11:56 [notice] 34#34: exit
2023/06/08 09:11:56 [notice] 35#35: gracefully shutting down
2023/06/08 09:11:56 [notice] 35#35: exiting
2023/06/08 09:11:56 [notice] 35#35: exit
2023/06/08 09:11:56 [notice] 1#1: signal 17 (SIGCHLD) received from 33
2023/06/08 09:11:56 [notice] 1#1: worker process 33 exited with code 0
2023/06/08 09:11:56 [notice] 1#1: signal 29 (SIGIO) received
2023/06/08 09:11:56 [notice] 1#1: signal 17 (SIGCHLD) received from 34
2023/06/08 09:11:56 [notice] 1#1: worker process 34 exited with code 0
2023/06/08 09:11:56 [notice] 1#1: signal 29 (SIGIO) received
2023/06/08 09:11:56 [notice] 1#1: signal 17 (SIGCHLD) received from 32
2023/06/08 09:11:56 [notice] 1#1: worker process 31 exited with code 0
2023/06/08 09:11:56 [notice] 1#1: worker process 32 exited with code 0
2023/06/08 09:11:56 [notice] 1#1: worker process 35 exited with code 0
2023/06/08 09:11:56 [notice] 1#1: signal 29 (SIGIO) received
2023/06/08 09:11:56 [notice] 1#1: signal 17 (SIGCHLD) received from 35
2023/06/08 09:11:56 [notice] 1#1: signal 17 (SIGCHLD) received from 30
2023/06/08 09:11:56 [notice] 1#1: worker process 30 exited with code 0
2023/06/08 09:11:56 [notice] 1#1: exit
2023/06/08 09:12:19 [notice] 1#1: using the "epoll" event method
2023/06/08 09:12:19 [notice] 1#1: nginx/1.23.1
2023/06/08 09:12:19 [notice] 1#1: built by gcc 10.2.1 20210110 (Debian 10.2.1-6) 
2023/06/08 09:12:19 [notice] 1#1: OS: Linux 5.4.0-150-generic
2023/06/08 09:12:19 [notice] 1#1: getrlimit(RLIMIT_NOFILE): 1048576:1048576
2023/06/08 09:12:19 [notice] 1#1: start worker processes
2023/06/08 09:12:19 [notice] 1#1: start worker process 30
2023/06/08 09:12:19 [notice] 1#1: start worker process 31
2023/06/08 09:12:19 [notice] 1#1: start worker process 32
2023/06/08 09:12:19 [notice] 1#1: start worker process 33
2023/06/08 09:12:19 [notice] 1#1: start worker process 34
2023/06/08 09:12:19 [notice] 1#1: start worker process 35
2023/06/08 12:09:11 [notice] 1#1: signal 3 (SIGQUIT) received, shutting down
2023/06/08 12:09:11 [notice] 33#33: gracefully shutting down
2023/06/08 12:09:11 [notice] 31#31: gracefully shutting down
2023/06/08 12:09:11 [notice] 34#34: gracefully shutting down
2023/06/08 12:09:11 [notice] 33#33: exiting
2023/06/08 12:09:11 [notice] 31#31: exiting
2023/06/08 12:09:11 [notice] 34#34: exiting
2023/06/08 12:09:11 [notice] 33#33: exit
2023/06/08 12:09:11 [notice] 31#31: exit
2023/06/08 12:09:11 [notice] 34#34: exit
2023/06/08 12:09:11 [notice] 30#30: gracefully shutting down
2023/06/08 12:09:11 [notice] 30#30: exiting
2023/06/08 12:09:11 [notice] 32#32: gracefully shutting down
2023/06/08 12:09:11 [notice] 32#32: exiting
2023/06/08 12:09:11 [notice] 30#30: exit
2023/06/08 12:09:11 [notice] 32#32: exit
2023/06/08 12:09:11 [notice] 35#35: gracefully shutting down
2023/06/08 12:09:11 [notice] 35#35: exiting
2023/06/08 12:09:11 [notice] 35#35: exit
2023/06/08 12:09:11 [notice] 1#1: signal 17 (SIGCHLD) received from 33
2023/06/08 12:09:11 [notice] 1#1: worker process 30 exited with code 0
2023/06/08 12:09:11 [notice] 1#1: worker process 33 exited with code 0
2023/06/08 12:09:11 [notice] 1#1: signal 29 (SIGIO) received
2023/06/08 12:09:11 [notice] 1#1: signal 17 (SIGCHLD) received from 34
2023/06/08 12:09:11 [notice] 1#1: worker process 31 exited with code 0
2023/06/08 12:09:11 [notice] 1#1: worker process 34 exited with code 0
2023/06/08 12:09:11 [notice] 1#1: signal 29 (SIGIO) received
2023/06/08 12:09:11 [notice] 1#1: signal 17 (SIGCHLD) received from 32
2023/06/08 12:09:11 [notice] 1#1: worker process 32 exited with code 0
2023/06/08 12:09:11 [notice] 1#1: signal 29 (SIGIO) received
2023/06/08 12:09:11 [notice] 1#1: signal 17 (SIGCHLD) received from 35
2023/06/08 12:09:11 [notice] 1#1: worker process 35 exited with code 0
2023/06/08 12:09:11 [notice] 1#1: exit
2023/06/09 03:39:15 [notice] 1#1: using the "epoll" event method
2023/06/09 03:39:15 [notice] 1#1: nginx/1.23.1
2023/06/09 03:39:15 [notice] 1#1: built by gcc 10.2.1 20210110 (Debian 10.2.1-6) 
2023/06/09 03:39:15 [notice] 1#1: OS: Linux 5.4.0-150-generic
2023/06/09 03:39:15 [notice] 1#1: getrlimit(RLIMIT_NOFILE): 1048576:1048576
2023/06/09 03:39:15 [notice] 1#1: start worker processes
2023/06/09 03:39:15 [notice] 1#1: start worker process 30
2023/06/09 03:39:15 [notice] 1#1: start worker process 31
2023/06/09 03:39:15 [notice] 1#1: start worker process 32
2023/06/09 03:39:15 [notice] 1#1: start worker process 33
2023/06/09 03:39:15 [notice] 1#1: start worker process 34
2023/06/09 03:39:15 [notice] 1#1: start worker process 35
2023/06/09 12:09:29 [notice] 1#1: signal 3 (SIGQUIT) received, shutting down
2023/06/09 12:09:29 [notice] 31#31: gracefully shutting down
2023/06/09 12:09:29 [notice] 33#33: gracefully shutting down
2023/06/09 12:09:29 [notice] 30#30: gracefully shutting down
2023/06/09 12:09:29 [notice] 34#34: gracefully shutting down
2023/06/09 12:09:29 [notice] 31#31: exiting
2023/06/09 12:09:29 [notice] 33#33: exiting
2023/06/09 12:09:29 [notice] 30#30: exiting
2023/06/09 12:09:29 [notice] 34#34: exiting
2023/06/09 12:09:29 [notice] 31#31: exit
2023/06/09 12:09:29 [notice] 30#30: exit
2023/06/09 12:09:29 [notice] 33#33: exit
2023/06/09 12:09:29 [notice] 34#34: exit
2023/06/09 12:09:29 [notice] 32#32: gracefully shutting down
2023/06/09 12:09:29 [notice] 35#35: gracefully shutting down
2023/06/09 12:09:29 [notice] 32#32: exiting
2023/06/09 12:09:29 [notice] 35#35: exiting
2023/06/09 12:09:29 [notice] 32#32: exit
2023/06/09 12:09:29 [notice] 35#35: exit
2023/06/09 12:09:29 [notice] 1#1: signal 17 (SIGCHLD) received from 31
2023/06/09 12:09:29 [notice] 1#1: worker process 31 exited with code 0
2023/06/09 12:09:29 [notice] 1#1: signal 29 (SIGIO) received
2023/06/09 12:09:29 [notice] 1#1: signal 17 (SIGCHLD) received from 35
2023/06/09 12:09:29 [notice] 1#1: worker process 33 exited with code 0
2023/06/09 12:09:29 [notice] 1#1: worker process 35 exited with code 0
2023/06/09 12:09:29 [notice] 1#1: signal 29 (SIGIO) received
2023/06/09 12:09:29 [notice] 1#1: signal 17 (SIGCHLD) received from 34
2023/06/09 12:09:29 [notice] 1#1: worker process 34 exited with code 0
2023/06/09 12:09:29 [notice] 1#1: signal 29 (SIGIO) received
2023/06/09 12:09:29 [notice] 1#1: signal 17 (SIGCHLD) received from 30
2023/06/09 12:09:29 [notice] 1#1: worker process 30 exited with code 0
2023/06/09 12:09:29 [notice] 1#1: signal 29 (SIGIO) received
2023/06/09 12:09:29 [notice] 1#1: signal 17 (SIGCHLD) received from 32
2023/06/09 12:09:29 [notice] 1#1: worker process 32 exited with code 0
2023/06/09 12:09:29 [notice] 1#1: exit
2023/06/13 03:51:55 [notice] 1#1: using the "epoll" event method
2023/06/13 03:51:55 [notice] 1#1: nginx/1.23.1
2023/06/13 03:51:55 [notice] 1#1: built by gcc 10.2.1 20210110 (Debian 10.2.1-6) 
2023/06/13 03:51:55 [notice] 1#1: OS: Linux 5.4.0-150-generic
2023/06/13 03:51:55 [notice] 1#1: getrlimit(RLIMIT_NOFILE): 1048576:1048576
2023/06/13 03:51:55 [notice] 1#1: start worker processes
2023/06/13 03:51:55 [notice] 1#1: start worker process 29
2023/06/13 03:51:55 [notice] 1#1: start worker process 30
2023/06/13 03:51:55 [notice] 1#1: start worker process 31
2023/06/13 03:51:55 [notice] 1#1: start worker process 32
2023/06/13 03:51:55 [notice] 1#1: start worker process 33
2023/06/13 03:51:55 [notice] 1#1: start worker process 34
2023/06/13 12:02:24 [notice] 1#1: signal 3 (SIGQUIT) received, shutting down
2023/06/13 12:02:24 [notice] 31#31: gracefully shutting down
2023/06/13 12:02:24 [notice] 33#33: gracefully shutting down
2023/06/13 12:02:24 [notice] 31#31: exiting
2023/06/13 12:02:24 [notice] 33#33: exiting
2023/06/13 12:02:24 [notice] 31#31: exit
2023/06/13 12:02:24 [notice] 33#33: exit
2023/06/13 12:02:24 [notice] 32#32: gracefully shutting down
2023/06/13 12:02:24 [notice] 32#32: exiting
2023/06/13 12:02:24 [notice] 32#32: exit
2023/06/13 12:02:24 [notice] 30#30: gracefully shutting down
2023/06/13 12:02:24 [notice] 30#30: exiting
2023/06/13 12:02:24 [notice] 30#30: exit
2023/06/13 12:02:24 [notice] 29#29: gracefully shutting down
2023/06/13 12:02:24 [notice] 29#29: exiting
2023/06/13 12:02:24 [notice] 29#29: exit
2023/06/13 12:02:24 [notice] 34#34: gracefully shutting down
2023/06/13 12:02:24 [notice] 34#34: exiting
2023/06/13 12:02:24 [notice] 34#34: exit
2023/06/13 12:02:24 [notice] 1#1: signal 17 (SIGCHLD) received from 33
2023/06/13 12:02:24 [notice] 1#1: worker process 33 exited with code 0
2023/06/13 12:02:24 [notice] 1#1: signal 29 (SIGIO) received
2023/06/13 12:02:24 [notice] 1#1: signal 17 (SIGCHLD) received from 32
2023/06/13 12:02:24 [notice] 1#1: worker process 32 exited with code 0
2023/06/13 12:02:24 [notice] 1#1: signal 29 (SIGIO) received
2023/06/13 12:02:24 [notice] 1#1: signal 17 (SIGCHLD) received from 30
2023/06/13 12:02:24 [notice] 1#1: worker process 30 exited with code 0
2023/06/13 12:02:24 [notice] 1#1: signal 29 (SIGIO) received
2023/06/13 12:02:24 [notice] 1#1: signal 17 (SIGCHLD) received from 29
2023/06/13 12:02:24 [notice] 1#1: worker process 29 exited with code 0
2023/06/13 12:02:24 [notice] 1#1: signal 29 (SIGIO) received
2023/06/13 12:02:24 [notice] 1#1: signal 17 (SIGCHLD) received from 34
2023/06/13 12:02:24 [notice] 1#1: worker process 34 exited with code 0
2023/06/13 12:02:24 [notice] 1#1: signal 29 (SIGIO) received
2023/06/13 12:02:24 [notice] 1#1: signal 17 (SIGCHLD) received from 31
2023/06/13 12:02:24 [notice] 1#1: worker process 31 exited with code 0
2023/06/13 12:02:24 [notice] 1#1: exit
2023/06/15 05:04:12 [notice] 1#1: using the "epoll" event method
2023/06/15 05:04:12 [notice] 1#1: nginx/1.23.1
2023/06/15 05:04:12 [notice] 1#1: built by gcc 10.2.1 20210110 (Debian 10.2.1-6) 
2023/06/15 05:04:12 [notice] 1#1: OS: Linux 5.4.0-150-generic
2023/06/15 05:04:12 [notice] 1#1: getrlimit(RLIMIT_NOFILE): 1048576:1048576
2023/06/15 05:04:12 [notice] 1#1: start worker processes
2023/06/15 05:04:12 [notice] 1#1: start worker process 31
2023/06/15 05:04:12 [notice] 1#1: start worker process 32
2023/06/15 05:04:12 [notice] 1#1: start worker process 33
2023/06/15 05:04:12 [notice] 1#1: start worker process 34
2023/06/15 05:04:12 [notice] 1#1: start worker process 35
2023/06/15 05:04:12 [notice] 1#1: start worker process 36
2023/06/15 12:03:58 [notice] 1#1: signal 3 (SIGQUIT) received, shutting down
2023/06/15 12:03:58 [notice] 32#32: gracefully shutting down
2023/06/15 12:03:58 [notice] 33#33: gracefully shutting down
2023/06/15 12:03:58 [notice] 32#32: exiting
2023/06/15 12:03:58 [notice] 33#33: exiting
2023/06/15 12:03:58 [notice] 33#33: exit
2023/06/15 12:03:58 [notice] 32#32: exit
2023/06/15 12:03:58 [notice] 34#34: gracefully shutting down
2023/06/15 12:03:58 [notice] 31#31: gracefully shutting down
2023/06/15 12:03:58 [notice] 34#34: exiting
2023/06/15 12:03:58 [notice] 31#31: exiting
2023/06/15 12:03:58 [notice] 34#34: exit
2023/06/15 12:03:58 [notice] 31#31: exit
2023/06/15 12:03:58 [notice] 36#36: gracefully shutting down
2023/06/15 12:03:58 [notice] 36#36: exiting
2023/06/15 12:03:58 [notice] 35#35: gracefully shutting down
2023/06/15 12:03:58 [notice] 35#35: exiting
2023/06/15 12:03:58 [notice] 36#36: exit
2023/06/15 12:03:58 [notice] 35#35: exit
2023/06/15 12:03:58 [notice] 1#1: signal 17 (SIGCHLD) received from 32
2023/06/15 12:03:58 [notice] 1#1: worker process 32 exited with code 0
2023/06/15 12:03:58 [notice] 1#1: signal 29 (SIGIO) received
2023/06/15 12:03:58 [notice] 1#1: signal 17 (SIGCHLD) received from 31
2023/06/15 12:03:58 [notice] 1#1: worker process 31 exited with code 0
2023/06/15 12:03:58 [notice] 1#1: signal 29 (SIGIO) received
2023/06/15 12:03:58 [notice] 1#1: signal 17 (SIGCHLD) received from 33
2023/06/15 12:03:58 [notice] 1#1: worker process 33 exited with code 0
2023/06/15 12:03:58 [notice] 1#1: signal 29 (SIGIO) received
2023/06/15 12:03:58 [notice] 1#1: signal 17 (SIGCHLD) received from 34
2023/06/15 12:03:58 [notice] 1#1: worker process 34 exited with code 0
2023/06/15 12:03:58 [notice] 1#1: signal 29 (SIGIO) received
2023/06/15 12:03:58 [notice] 1#1: signal 17 (SIGCHLD) received from 36
2023/06/15 12:03:58 [notice] 1#1: worker process 36 exited with code 0
2023/06/15 12:03:58 [notice] 1#1: signal 29 (SIGIO) received
2023/06/15 12:03:58 [notice] 1#1: signal 17 (SIGCHLD) received from 35
2023/06/15 12:03:58 [notice] 1#1: worker process 35 exited with code 0
2023/06/15 12:03:58 [notice] 1#1: exit
2023/06/16 03:00:55 [notice] 1#1: using the "epoll" event method
2023/06/16 03:00:55 [notice] 1#1: nginx/1.23.1
2023/06/16 03:00:55 [notice] 1#1: built by gcc 10.2.1 20210110 (Debian 10.2.1-6) 
2023/06/16 03:00:55 [notice] 1#1: OS: Linux 5.4.0-150-generic
2023/06/16 03:00:55 [notice] 1#1: getrlimit(RLIMIT_NOFILE): 1048576:1048576
2023/06/16 03:00:55 [notice] 1#1: start worker processes
2023/06/16 03:00:55 [notice] 1#1: start worker process 30
2023/06/16 03:00:55 [notice] 1#1: start worker process 31
2023/06/16 03:00:55 [notice] 1#1: start worker process 32
2023/06/16 03:00:55 [notice] 1#1: start worker process 33
2023/06/16 03:00:55 [notice] 1#1: start worker process 34
2023/06/16 03:00:55 [notice] 1#1: start worker process 35
2023/06/16 11:49:19 [notice] 1#1: signal 3 (SIGQUIT) received, shutting down
2023/06/16 11:49:19 [notice] 30#30: gracefully shutting down
2023/06/16 11:49:19 [notice] 33#33: gracefully shutting down
2023/06/16 11:49:19 [notice] 35#35: gracefully shutting down
2023/06/16 11:49:19 [notice] 30#30: exiting
2023/06/16 11:49:19 [notice] 33#33: exiting
2023/06/16 11:49:19 [notice] 35#35: exiting
2023/06/16 11:49:19 [notice] 31#31: gracefully shutting down
2023/06/16 11:49:19 [notice] 30#30: exit
2023/06/16 11:49:19 [notice] 35#35: exit
2023/06/16 11:49:19 [notice] 33#33: exit
2023/06/16 11:49:19 [notice] 31#31: exiting
2023/06/16 11:49:19 [notice] 31#31: exit
2023/06/16 11:49:19 [notice] 32#32: gracefully shutting down
2023/06/16 11:49:19 [notice] 34#34: gracefully shutting down
2023/06/16 11:49:19 [notice] 32#32: exiting
2023/06/16 11:49:19 [notice] 34#34: exiting
2023/06/16 11:49:19 [notice] 32#32: exit
2023/06/16 11:49:19 [notice] 34#34: exit
2023/06/16 11:49:19 [notice] 1#1: signal 17 (SIGCHLD) received from 30
2023/06/16 11:49:19 [notice] 1#1: worker process 30 exited with code 0
2023/06/16 11:49:19 [notice] 1#1: signal 29 (SIGIO) received
2023/06/16 11:49:19 [notice] 1#1: signal 17 (SIGCHLD) received from 31
2023/06/16 11:49:19 [notice] 1#1: worker process 31 exited with code 0
2023/06/16 11:49:19 [notice] 1#1: signal 29 (SIGIO) received
2023/06/16 11:49:19 [notice] 1#1: signal 17 (SIGCHLD) received from 35
2023/06/16 11:49:19 [notice] 1#1: worker process 32 exited with code 0
2023/06/16 11:49:19 [notice] 1#1: worker process 35 exited with code 0
2023/06/16 11:49:19 [notice] 1#1: signal 29 (SIGIO) received
2023/06/16 11:49:19 [notice] 1#1: signal 17 (SIGCHLD) received from 33
2023/06/16 11:49:19 [notice] 1#1: worker process 33 exited with code 0
2023/06/16 11:49:19 [notice] 1#1: worker process 34 exited with code 0
2023/06/16 11:49:19 [notice] 1#1: exit
2023/06/21 09:08:03 [notice] 1#1: using the "epoll" event method
2023/06/21 09:08:03 [notice] 1#1: nginx/1.23.1
2023/06/21 09:08:03 [notice] 1#1: built by gcc 10.2.1 20210110 (Debian 10.2.1-6) 
2023/06/21 09:08:03 [notice] 1#1: OS: Linux 5.4.0-152-generic
2023/06/21 09:08:03 [notice] 1#1: getrlimit(RLIMIT_NOFILE): 1048576:1048576
2023/06/21 09:08:03 [notice] 1#1: start worker processes
2023/06/21 09:08:03 [notice] 1#1: start worker process 30
2023/06/21 09:08:03 [notice] 1#1: start worker process 31
2023/06/21 09:08:03 [notice] 1#1: start worker process 32
2023/06/21 09:08:03 [notice] 1#1: start worker process 33
2023/06/21 09:08:03 [notice] 1#1: start worker process 34
2023/06/21 09:08:03 [notice] 1#1: start worker process 35
